<?xml version="1.0" encoding="UTF-8"?>
<!-- Generated by org.testng.reporters.JUnitReportReporter -->
<testsuite skipped="0" hostname="Cybrillas-MacBook-Air.local" name="ExcelUtil.TestExcelUtils" tests="1" failures="0" timestamp="2021-03-22T09:53:53 IST" time="0.010" errors="0">
  <testcase name="test" time="0.010" classname="ExcelUtil.TestExcelUtils"/>
  <system-out/>
</testsuite> <!-- ExcelUtil.TestExcelUtils -->
