<?xml version="1.0" encoding="UTF-8"?>
<!-- Generated by org.testng.reporters.JUnitReportReporter -->
<testsuite skipped="0" hostname="Cybrillas-MacBook-Air.local" name="ExcelUtil.TestExcelUtil" tests="1" failures="0" timestamp="2021-03-22T10:26:33 IST" time="0.011" errors="0">
  <testcase name="test" time="0.011" classname="ExcelUtil.TestExcelUtil"/>
  <system-out/>
</testsuite> <!-- ExcelUtil.TestExcelUtil -->
