<?xml version="1.0" encoding="UTF-8"?>
<!-- Generated by org.testng.reporters.JUnitReportReporter -->
<testsuite skipped="0" hostname="Cybrillas-MacBook-Air.local" name="ExcelUtils.TestExcelUtil" tests="1" failures="0" timestamp="2021-03-22T14:40:06 IST" time="0.011" errors="0">
  <testcase name="test" time="0.011" classname="ExcelUtils.TestExcelUtil"/>
  <system-out/>
</testsuite> <!-- ExcelUtils.TestExcelUtil -->
