<?xml version="1.0" encoding="UTF-8"?>
<!-- Generated by org.testng.reporters.JUnitReportReporter -->
<testsuite skipped="0" hostname="Cybrillas-MacBook-Air.local" name="ExcelUtils.GetExcelData" tests="1" failures="0" timestamp="2021-04-01T20:39:29 IST" time="68.107" errors="0">
  <testcase name="test" time="68.107" classname="ExcelUtils.GetExcelData"/>
  <system-out/>
</testsuite> <!-- ExcelUtils.GetExcelData -->
