<?xml version="1.0" encoding="UTF-8"?>
<!-- Generated by org.testng.reporters.JUnitReportReporter -->
<testsuite skipped="0" hostname="Cybrillas-MacBook-Air.local" name="Sample.TestExcelUtil" tests="1" failures="0" timestamp="2021-03-25T20:33:41 IST" time="85.002" errors="0">
  <testcase name="test" time="85.002" classname="Sample.TestExcelUtil"/>
  <system-out/>
</testsuite> <!-- Sample.TestExcelUtil -->
