<?xml version="1.0" encoding="UTF-8"?>
<!-- Generated by org.testng.reporters.JUnitReportReporter -->
<testsuite skipped="0" hostname="Cybrillas-MacBook-Air.local" name="ExcelUtils.GetExcelData" tests="1" failures="0" timestamp="2021-03-31T20:57:56 IST" time="65.808" errors="0">
  <testcase name="test" time="65.808" classname="ExcelUtils.GetExcelData"/>
  <system-out/>
</testsuite> <!-- ExcelUtils.GetExcelData -->
