<?xml version="1.0" encoding="UTF-8"?>
<!-- Generated by org.testng.reporters.JUnitReportReporter -->
<testsuite skipped="0" hostname="Cybrillas-MacBook-Air.local" name="WriteExcel.WriteToExcel" tests="1" failures="0" timestamp="2021-03-22T11:13:14 IST" time="1.248" errors="0">
  <testcase name="writeToExcelTest" time="1.248" classname="WriteExcel.WriteToExcel"/>
  <system-out/>
</testsuite> <!-- WriteExcel.WriteToExcel -->
